Exporter version: 6.4.6, Blender version: 2.83.5
========= Conversion from Blender to Babylon.js =========
	Scene settings used :
		Inline textures     :  false
		Material Type       :  PBR
		Positions Precision :  4
		Normals Precision   :  3
		UVs Precision       :  3
		Vert Color Precision:  3
		Mat Weight Precision:  2
		Keep Z-up r-handed  :  no
		Texture directory   :  /Users/alexanderwalmsley/Documents/Design_Development/Eisenstein/Babylon_WebXR/Mesh/Babylon/
			processing env texture environment.env
	Python World class constructor completed
	WARNING: No active camera has been assigned, or is not in a currently selected Blender layer
	processing begun of mesh:  Waende
		processing begun of material:  Babylon shader
		num positions      :  3792
		num normals        :  3792
		num tangents       :  0
		num uvs            :  7584
		num uvs2           :  0
		num colors         :  0
		num triangles      :  1761
		WARNING: # of 0 area faces found:  116
========= Writing of JSON file started =========
	writing mesh:  Waende
========= Writing of JSON file completed =========
========= end of processing =========
elapsed time:  0 min, 0.1058 secs
